
**** Build of configuration Release for project empty_CC3220S_LAUNCHXL_tirtos_ccs ****

"C:\\ti\\ccsv7\\utils\\bin\\gmake" -k -j 4 all -O 
 
'Building file: "../empty.c"'
'Invoking: ARM Compiler'
"C:/ti/ccsv7/tools/compiler/ti-cgt-arm_16.9.6.LTS/bin/armcl" -mv7M4 --code_state=16 --float_support=vfplib -me -O2 --include_path="C:/Users/Sam/Documents/UCSC/2018_Winter/CMPE123A/sazwu/code/micro/empty_CC3220S_LAUNCHXL_tirtos_ccs" --include_path="C:/ti/simplelink_cc32xx_sdk_1_60_00_04/source/ti/posix/ccs" --include_path="C:/ti/ccsv7/tools/compiler/ti-cgt-arm_16.9.6.LTS/include" -g --diag_warning=225 --diag_warning=255 --diag_wrap=off --display_error_number --gen_func_subsections=on --preproc_with_compile --preproc_dependency="empty.d_raw" --cmd_file="C:/Users/Sam/Documents/UCSC/2018_Winter/CMPE123A/sazwu/code/micro/tirtos_builds_CC3220S_LAUNCHXL_release_ccs/Debug/configPkg/compiler.opt" "../empty.c"
"../empty.c", line 160: warning #121-D: return value type does not match the function type
"../empty.c", line 160: warning #154-D: conversion of nonzero integer to pointer
"../empty.c", line 34: warning #552-D: variable "firmwareVersion" was set but never used
"../empty.c", line 36: warning #179-D: variable "sendAndReceive" was declared but never referenced
"../empty.c", line 41: warning #179-D: variable "j" was declared but never referenced
"../empty.c", line 307: warning #169-D: argument of type "signed char *" is incompatible with parameter of type "const char *"
"../empty.c", line 390: warning #179-D: variable "login" was declared but never referenced
"../empty.c", line 391: warning #179-D: variable "roomNumber" was declared but never referenced
'Finished building: "../empty.c"'
 
'Building target: "empty_CC3220S_LAUNCHXL_tirtos_ccs.out"'
'Invoking: ARM Linker'
"C:/ti/ccsv7/tools/compiler/ti-cgt-arm_16.9.6.LTS/bin/armcl" -mv7M4 --code_state=16 --float_support=vfplib -me -O2 -g --diag_warning=225 --diag_warning=255 --diag_wrap=off --display_error_number --gen_func_subsections=on -z -m"empty_CC3220S_LAUNCHXL_tirtos_ccs.map" --stack_size=0x800 -i"/source/ti/drivers/net/wifi" -i"C:/ti/ccsv7/tools/compiler/ti-cgt-arm_16.9.6.LTS/lib" -i"C:/ti/simplelink_cc32xx_sdk_1_60_00_04/source" -i"C:/ti/simplelink_cc32xx_sdk_1_60_00_04/kernel/tirtos/packages" -i"C:/ti/ccsv7/tools/compiler/ti-cgt-arm_16.9.6.LTS/include" --reread_libs --diag_wrap=off --display_error_number --warn_sections --xml_link_info="empty_CC3220S_LAUNCHXL_tirtos_ccs_linkInfo.xml" --rom_model -o "empty_CC3220S_LAUNCHXL_tirtos_ccs.out" "./CC3220S_LAUNCHXL.obj" "./PN532.obj" "./cache.obj" "./empty.obj" "./main_tirtos.obj" "./uart_term.obj" "../CC3220S_LAUNCHXL_TIRTOS.cmd" -l"C:/Users/Sam/Documents/UCSC/2018_Winter/CMPE123A/sazwu/code/micro/tirtos_builds_CC3220S_LAUNCHXL_release_ccs/Debug/configPkg/linker.cmd" -l"C:/ti/simplelink_cc32xx_sdk_1_60_00_04/source/ti/drivers/net/wifi/ccs/rtos/simplelink.a" -l"ti/display/lib/display.aem4" -l"ti/drivers/lib/drivers_cc32xx.aem4" -l"third_party/fatfs/lib/fatfs.aem4" -l"ti/dpl/lib/dpl_cc32xx.aem4" -l"ti/devices/cc32xx/driverlib/ccs/Release/driverlib.a" -llibc.a 
<Linking>
'Finished building target: "empty_CC3220S_LAUNCHXL_tirtos_ccs.out"'
 
C:/ti/ccsv7/utils/tiobj2bin/tiobj2bin empty_CC3220S_LAUNCHXL_tirtos_ccs.out empty_CC3220S_LAUNCHXL_tirtos_ccs.bin C:/ti/ccsv7/tools/compiler/ti-cgt-arm_16.9.6.LTS/bin/armofd C:/ti/ccsv7/tools/compiler/ti-cgt-arm_16.9.6.LTS/bin/armhex C:/ti/ccsv7/utils/tiobj2bin/mkhex4bin
 

**** Build Finished ****
